<?xml version="1.0" encoding="UTF-8"?>
<testng-results ignored="0" total="1" passed="1" failed="0" skipped="0">
  <reporter-output>
  </reporter-output>
  <suite started-at="2021-06-02T13:49:17 CEST" name="Suite" finished-at="2021-06-02T13:50:42 CEST" duration-ms="85399">
    <groups>
    </groups>
    <test started-at="2021-06-02T13:49:17 CEST" name="Test" finished-at="2021-06-02T13:50:42 CEST" duration-ms="85399">
      <class name="EPOSMobileTestFramework.MobileTestFramework.TestCases">
        <test-method is-config="true" signature="killAllNodes()[pri:0, instance:EPOSMobileTestFramework.MobileTestFramework.TestCases@5276e6b0]" started-at="2021-06-02T13:49:17 CEST" name="killAllNodes" finished-at="2021-06-02T13:49:20 CEST" duration-ms="3031" status="PASS">
          <reporter-output>
          </reporter-output>
        </test-method> <!-- killAllNodes -->
        <test-method signature="homeScreenValidation()[pri:0, instance:EPOSMobileTestFramework.MobileTestFramework.TestCases@5276e6b0]" started-at="2021-06-02T13:49:20 CEST" name="homeScreenValidation" finished-at="2021-06-02T13:50:42 CEST" duration-ms="82325" status="PASS">
          <reporter-output>
          </reporter-output>
        </test-method> <!-- homeScreenValidation -->
      </class> <!-- EPOSMobileTestFramework.MobileTestFramework.TestCases -->
    </test> <!-- Test -->
  </suite> <!-- Suite -->
</testng-results>
